2017-06-24 01:48:46,393 INFO Established connection to S3
2017-06-24 01:48:47,478 INFO creating new bucket with name sumedhprithvij
2017-06-24 01:49:47,782 INFO Read new file from https://www.ncei.noaa.gov/orders/cdo/998870.csv and copied to local
2017-06-24 01:50:50,185 INFO Todays File is created or already present
2017-06-24 01:51:42,435 INFO Established connection to S3
2017-06-24 01:51:43,680 INFO Bucket exists with name sumedhprithvij
2017-06-24 01:51:43,729 INFO Todays File is created or already present
2017-06-24 02:07:16,607 INFO Established connection to S3
2017-06-24 02:07:17,733 INFO Bucket exists with name sumedhprithvij
2017-06-24 02:07:17,928 INFO Todays File is created or already present
2017-06-24 02:15:13,680 INFO Established connection to S3
2017-06-24 02:15:14,710 INFO Bucket exists with name sumedhprithvij
2017-06-24 02:15:14,842 INFO Todays File is created or already present
2017-06-23 21:25:47,118 INFO Established connection to S3
2017-06-23 21:25:47,118 INFO Established connection to S3
2017-06-23 21:25:47,118 INFO Established connection to S3
2017-06-23 21:25:47,118 INFO Established connection to S3
2017-06-23 21:25:47,118 INFO Established connection to S3
2017-06-23 21:25:47,118 INFO Established connection to S3
2017-06-23 21:25:47,118 INFO Established connection to S3
2017-06-23 21:25:47,118 INFO Established connection to S3
2017-06-23 21:25:47,118 INFO Established connection to S3
2017-06-23 21:25:47,118 INFO Established connection to S3
2017-06-23 21:25:47,118 INFO Established connection to S3
2017-06-23 21:25:47,118 INFO Established connection to S3
2017-06-23 21:25:47,118 INFO Established connection to S3
2017-06-23 21:25:47,268 INFO Bucket exists with name sumedhprithvij
2017-06-23 21:25:47,268 INFO Bucket exists with name sumedhprithvij
2017-06-23 21:25:47,268 INFO Bucket exists with name sumedhprithvij
2017-06-23 21:25:47,268 INFO Bucket exists with name sumedhprithvij
2017-06-23 21:25:47,268 INFO Bucket exists with name sumedhprithvij
2017-06-23 21:25:47,268 INFO Bucket exists with name sumedhprithvij
2017-06-23 21:25:47,268 INFO Bucket exists with name sumedhprithvij
2017-06-23 21:25:47,268 INFO Bucket exists with name sumedhprithvij
2017-06-23 21:25:47,268 INFO Bucket exists with name sumedhprithvij
2017-06-23 21:25:47,268 INFO Bucket exists with name sumedhprithvij
2017-06-23 21:25:47,268 INFO Bucket exists with name sumedhprithvij
2017-06-23 21:25:47,268 INFO Bucket exists with name sumedhprithvij
2017-06-23 21:25:47,268 INFO Bucket exists with name sumedhprithvij
2017-06-23 21:25:47,705 INFO Read new file from https://www.ncei.noaa.gov/orders/cdo/998870.csv and copied to local
2017-06-23 21:25:47,705 INFO Read new file from https://www.ncei.noaa.gov/orders/cdo/998870.csv and copied to local
2017-06-23 21:25:47,705 INFO Read new file from https://www.ncei.noaa.gov/orders/cdo/998870.csv and copied to local
2017-06-23 21:25:47,705 INFO Read new file from https://www.ncei.noaa.gov/orders/cdo/998870.csv and copied to local
2017-06-23 21:25:47,705 INFO Read new file from https://www.ncei.noaa.gov/orders/cdo/998870.csv and copied to local
2017-06-23 21:25:47,705 INFO Read new file from https://www.ncei.noaa.gov/orders/cdo/998870.csv and copied to local
2017-06-23 21:25:47,705 INFO Read new file from https://www.ncei.noaa.gov/orders/cdo/998870.csv and copied to local
2017-06-23 21:25:47,705 INFO Read new file from https://www.ncei.noaa.gov/orders/cdo/998870.csv and copied to local
2017-06-23 21:25:47,705 INFO Read new file from https://www.ncei.noaa.gov/orders/cdo/998870.csv and copied to local
2017-06-23 21:25:47,705 INFO Read new file from https://www.ncei.noaa.gov/orders/cdo/998870.csv and copied to local
2017-06-23 21:25:47,705 INFO Read new file from https://www.ncei.noaa.gov/orders/cdo/998870.csv and copied to local
2017-06-23 21:25:47,705 INFO Read new file from https://www.ncei.noaa.gov/orders/cdo/998870.csv and copied to local
2017-06-23 21:25:47,705 INFO Read new file from https://www.ncei.noaa.gov/orders/cdo/998870.csv and copied to local
2017-06-23 21:30:19,496 INFO Established connection to S3
2017-06-23 21:30:19,496 INFO Established connection to S3
2017-06-23 21:30:19,496 INFO Established connection to S3
2017-06-23 21:30:19,496 INFO Established connection to S3
2017-06-23 21:30:19,496 INFO Established connection to S3
2017-06-23 21:30:19,496 INFO Established connection to S3
2017-06-23 21:30:19,496 INFO Established connection to S3
2017-06-23 21:30:19,496 INFO Established connection to S3
2017-06-23 21:30:19,496 INFO Established connection to S3
2017-06-23 21:30:19,496 INFO Established connection to S3
2017-06-23 21:30:19,496 INFO Established connection to S3
2017-06-23 21:30:19,496 INFO Established connection to S3
2017-06-23 21:30:19,496 INFO Established connection to S3
2017-06-23 21:30:19,496 INFO Established connection to S3
2017-06-23 21:30:20,084 INFO Read new file from https://www.ncei.noaa.gov/orders/cdo/998870.csv and copied to local
2017-06-23 21:30:20,084 INFO Read new file from https://www.ncei.noaa.gov/orders/cdo/998870.csv and copied to local
2017-06-23 21:30:20,084 INFO Read new file from https://www.ncei.noaa.gov/orders/cdo/998870.csv and copied to local
2017-06-23 21:30:20,084 INFO Read new file from https://www.ncei.noaa.gov/orders/cdo/998870.csv and copied to local
2017-06-23 21:30:20,084 INFO Read new file from https://www.ncei.noaa.gov/orders/cdo/998870.csv and copied to local
2017-06-23 21:30:20,084 INFO Read new file from https://www.ncei.noaa.gov/orders/cdo/998870.csv and copied to local
2017-06-23 21:30:20,084 INFO Read new file from https://www.ncei.noaa.gov/orders/cdo/998870.csv and copied to local
2017-06-23 21:30:20,084 INFO Read new file from https://www.ncei.noaa.gov/orders/cdo/998870.csv and copied to local
2017-06-23 21:30:20,084 INFO Read new file from https://www.ncei.noaa.gov/orders/cdo/998870.csv and copied to local
2017-06-23 21:30:20,084 INFO Read new file from https://www.ncei.noaa.gov/orders/cdo/998870.csv and copied to local
2017-06-23 21:30:20,084 INFO Read new file from https://www.ncei.noaa.gov/orders/cdo/998870.csv and copied to local
2017-06-23 21:30:20,084 INFO Read new file from https://www.ncei.noaa.gov/orders/cdo/998870.csv and copied to local
2017-06-23 21:30:20,084 INFO Read new file from https://www.ncei.noaa.gov/orders/cdo/998870.csv and copied to local
2017-06-23 21:30:20,084 INFO Read new file from https://www.ncei.noaa.gov/orders/cdo/998870.csv and copied to local
2017-06-23 21:31:29,877 INFO Appended data from file -TX_170617_WBAN_13910.csv to create new file with name - TX_230617_WBAN_13910.csv
2017-06-23 21:31:29,877 INFO Appended data from file -TX_170617_WBAN_13910.csv to create new file with name - TX_230617_WBAN_13910.csv
2017-06-23 21:31:29,877 INFO Appended data from file -TX_170617_WBAN_13910.csv to create new file with name - TX_230617_WBAN_13910.csv
2017-06-23 21:31:29,877 INFO Appended data from file -TX_170617_WBAN_13910.csv to create new file with name - TX_230617_WBAN_13910.csv
2017-06-23 21:31:29,877 INFO Appended data from file -TX_170617_WBAN_13910.csv to create new file with name - TX_230617_WBAN_13910.csv
2017-06-23 21:31:29,877 INFO Appended data from file -TX_170617_WBAN_13910.csv to create new file with name - TX_230617_WBAN_13910.csv
2017-06-23 21:31:29,877 INFO Appended data from file -TX_170617_WBAN_13910.csv to create new file with name - TX_230617_WBAN_13910.csv
2017-06-23 21:31:29,877 INFO Appended data from file -TX_170617_WBAN_13910.csv to create new file with name - TX_230617_WBAN_13910.csv
2017-06-23 21:31:29,877 INFO Appended data from file -TX_170617_WBAN_13910.csv to create new file with name - TX_230617_WBAN_13910.csv
2017-06-23 21:31:29,877 INFO Appended data from file -TX_170617_WBAN_13910.csv to create new file with name - TX_230617_WBAN_13910.csv
2017-06-23 21:31:29,877 INFO Appended data from file -TX_170617_WBAN_13910.csv to create new file with name - TX_230617_WBAN_13910.csv
2017-06-23 21:31:29,877 INFO Appended data from file -TX_170617_WBAN_13910.csv to create new file with name - TX_230617_WBAN_13910.csv
2017-06-23 21:31:29,877 INFO Appended data from file -TX_170617_WBAN_13910.csv to create new file with name - TX_230617_WBAN_13910.csv
2017-06-23 21:31:29,877 INFO Appended data from file -TX_170617_WBAN_13910.csv to create new file with name - TX_230617_WBAN_13910.csv
2017-06-23 21:32:06,712 INFO Established connection to S3
2017-06-23 21:32:06,712 INFO Established connection to S3
2017-06-23 21:32:06,712 INFO Established connection to S3
2017-06-23 21:32:06,712 INFO Established connection to S3
2017-06-23 21:32:06,712 INFO Established connection to S3
2017-06-23 21:32:06,712 INFO Established connection to S3
2017-06-23 21:32:06,712 INFO Established connection to S3
2017-06-23 21:32:06,712 INFO Established connection to S3
2017-06-23 21:32:06,712 INFO Established connection to S3
2017-06-23 21:32:06,712 INFO Established connection to S3
2017-06-23 21:32:06,712 INFO Established connection to S3
2017-06-23 21:32:06,712 INFO Established connection to S3
2017-06-23 21:32:06,712 INFO Established connection to S3
2017-06-23 21:32:06,712 INFO Established connection to S3
2017-06-23 21:32:06,712 INFO Established connection to S3
2017-06-23 21:33:54,028 INFO Established connection to S3
2017-06-23 21:33:54,028 INFO Established connection to S3
2017-06-23 21:33:54,028 INFO Established connection to S3
2017-06-23 21:33:54,028 INFO Established connection to S3
2017-06-23 21:33:54,028 INFO Established connection to S3
2017-06-23 21:33:54,028 INFO Established connection to S3
2017-06-23 21:33:54,028 INFO Established connection to S3
2017-06-23 21:33:54,028 INFO Established connection to S3
2017-06-23 21:33:54,028 INFO Established connection to S3
2017-06-23 21:33:54,028 INFO Established connection to S3
2017-06-23 21:33:54,028 INFO Established connection to S3
2017-06-23 21:33:54,028 INFO Established connection to S3
2017-06-23 21:33:54,028 INFO Established connection to S3
2017-06-23 21:33:54,028 INFO Established connection to S3
2017-06-23 21:33:54,028 INFO Established connection to S3
2017-06-23 21:33:54,028 INFO Established connection to S3
2017-06-23 21:37:34,551 INFO Established connection to S3
2017-06-23 21:37:34,551 INFO Established connection to S3
2017-06-23 21:37:34,551 INFO Established connection to S3
2017-06-23 21:37:34,551 INFO Established connection to S3
2017-06-23 21:37:34,551 INFO Established connection to S3
2017-06-23 21:37:34,551 INFO Established connection to S3
2017-06-23 21:37:34,551 INFO Established connection to S3
2017-06-23 21:37:34,551 INFO Established connection to S3
2017-06-23 21:37:34,551 INFO Established connection to S3
2017-06-23 21:37:34,551 INFO Established connection to S3
2017-06-23 21:37:34,551 INFO Established connection to S3
2017-06-23 21:37:34,551 INFO Established connection to S3
2017-06-23 21:37:34,551 INFO Established connection to S3
2017-06-23 21:37:34,551 INFO Established connection to S3
2017-06-23 21:37:34,551 INFO Established connection to S3
2017-06-23 21:37:34,551 INFO Established connection to S3
2017-06-23 21:37:34,551 INFO Established connection to S3
2017-06-23 21:37:34,657 INFO creating new bucket with name sumedhprithvijsss
2017-06-23 21:37:34,657 INFO creating new bucket with name sumedhprithvijsss
2017-06-23 21:37:34,657 INFO creating new bucket with name sumedhprithvijsss
2017-06-23 21:37:34,657 INFO creating new bucket with name sumedhprithvijsss
2017-06-23 21:37:34,657 INFO creating new bucket with name sumedhprithvijsss
2017-06-23 21:37:34,657 INFO creating new bucket with name sumedhprithvijsss
2017-06-23 21:37:34,657 INFO creating new bucket with name sumedhprithvijsss
2017-06-23 21:37:34,657 INFO creating new bucket with name sumedhprithvijsss
2017-06-23 21:37:34,657 INFO creating new bucket with name sumedhprithvijsss
2017-06-23 21:37:34,657 INFO creating new bucket with name sumedhprithvijsss
2017-06-23 21:37:34,657 INFO creating new bucket with name sumedhprithvijsss
2017-06-23 21:37:34,657 INFO creating new bucket with name sumedhprithvijsss
2017-06-23 21:37:34,657 INFO creating new bucket with name sumedhprithvijsss
2017-06-23 21:37:34,657 INFO creating new bucket with name sumedhprithvijsss
2017-06-23 21:37:34,657 INFO creating new bucket with name sumedhprithvijsss
2017-06-23 21:37:34,657 INFO creating new bucket with name sumedhprithvijsss
2017-06-23 21:37:34,657 INFO creating new bucket with name sumedhprithvijsss
2017-06-23 21:38:53,139 INFO Read new file from https://www.ncei.noaa.gov/orders/cdo/998870.csv and copied to local
2017-06-23 21:38:53,139 INFO Read new file from https://www.ncei.noaa.gov/orders/cdo/998870.csv and copied to local
2017-06-23 21:38:53,139 INFO Read new file from https://www.ncei.noaa.gov/orders/cdo/998870.csv and copied to local
2017-06-23 21:38:53,139 INFO Read new file from https://www.ncei.noaa.gov/orders/cdo/998870.csv and copied to local
2017-06-23 21:38:53,139 INFO Read new file from https://www.ncei.noaa.gov/orders/cdo/998870.csv and copied to local
2017-06-23 21:38:53,139 INFO Read new file from https://www.ncei.noaa.gov/orders/cdo/998870.csv and copied to local
2017-06-23 21:38:53,139 INFO Read new file from https://www.ncei.noaa.gov/orders/cdo/998870.csv and copied to local
2017-06-23 21:38:53,139 INFO Read new file from https://www.ncei.noaa.gov/orders/cdo/998870.csv and copied to local
2017-06-23 21:38:53,139 INFO Read new file from https://www.ncei.noaa.gov/orders/cdo/998870.csv and copied to local
2017-06-23 21:38:53,139 INFO Read new file from https://www.ncei.noaa.gov/orders/cdo/998870.csv and copied to local
2017-06-23 21:38:53,139 INFO Read new file from https://www.ncei.noaa.gov/orders/cdo/998870.csv and copied to local
2017-06-23 21:38:53,139 INFO Read new file from https://www.ncei.noaa.gov/orders/cdo/998870.csv and copied to local
2017-06-23 21:38:53,139 INFO Read new file from https://www.ncei.noaa.gov/orders/cdo/998870.csv and copied to local
2017-06-23 21:38:53,139 INFO Read new file from https://www.ncei.noaa.gov/orders/cdo/998870.csv and copied to local
2017-06-23 21:38:53,139 INFO Read new file from https://www.ncei.noaa.gov/orders/cdo/998870.csv and copied to local
2017-06-23 21:38:53,139 INFO Read new file from https://www.ncei.noaa.gov/orders/cdo/998870.csv and copied to local
2017-06-23 21:38:53,139 INFO Read new file from https://www.ncei.noaa.gov/orders/cdo/998870.csv and copied to local
2017-06-23 21:40:57,047 INFO Todays File is created or already present
2017-06-23 21:40:57,047 INFO Todays File is created or already present
2017-06-23 21:40:57,047 INFO Todays File is created or already present
2017-06-23 21:40:57,047 INFO Todays File is created or already present
2017-06-23 21:40:57,047 INFO Todays File is created or already present
2017-06-23 21:40:57,047 INFO Todays File is created or already present
2017-06-23 21:40:57,047 INFO Todays File is created or already present
2017-06-23 21:40:57,047 INFO Todays File is created or already present
2017-06-23 21:40:57,047 INFO Todays File is created or already present
2017-06-23 21:40:57,047 INFO Todays File is created or already present
2017-06-23 21:40:57,047 INFO Todays File is created or already present
2017-06-23 21:40:57,047 INFO Todays File is created or already present
2017-06-23 21:40:57,047 INFO Todays File is created or already present
2017-06-23 21:40:57,047 INFO Todays File is created or already present
2017-06-23 21:40:57,047 INFO Todays File is created or already present
2017-06-23 21:40:57,047 INFO Todays File is created or already present
2017-06-23 21:40:57,047 INFO Todays File is created or already present
2017-06-23 21:44:34,320 INFO Established connection to S3
2017-06-23 21:44:34,320 INFO Established connection to S3
2017-06-23 21:44:34,320 INFO Established connection to S3
2017-06-23 21:44:34,320 INFO Established connection to S3
2017-06-23 21:44:34,320 INFO Established connection to S3
2017-06-23 21:44:34,320 INFO Established connection to S3
2017-06-23 21:44:34,320 INFO Established connection to S3
2017-06-23 21:44:34,320 INFO Established connection to S3
2017-06-23 21:44:34,320 INFO Established connection to S3
2017-06-23 21:44:34,320 INFO Established connection to S3
2017-06-23 21:44:34,320 INFO Established connection to S3
2017-06-23 21:44:34,320 INFO Established connection to S3
2017-06-23 21:44:34,320 INFO Established connection to S3
2017-06-23 21:44:34,320 INFO Established connection to S3
2017-06-23 21:44:34,320 INFO Established connection to S3
2017-06-23 21:44:34,320 INFO Established connection to S3
2017-06-23 21:44:34,320 INFO Established connection to S3
2017-06-23 21:44:34,320 INFO Established connection to S3
2017-06-23 21:44:34,431 INFO Bucket exists with name sumedhprithvijsss
2017-06-23 21:44:34,431 INFO Bucket exists with name sumedhprithvijsss
2017-06-23 21:44:34,431 INFO Bucket exists with name sumedhprithvijsss
2017-06-23 21:44:34,431 INFO Bucket exists with name sumedhprithvijsss
2017-06-23 21:44:34,431 INFO Bucket exists with name sumedhprithvijsss
2017-06-23 21:44:34,431 INFO Bucket exists with name sumedhprithvijsss
2017-06-23 21:44:34,431 INFO Bucket exists with name sumedhprithvijsss
2017-06-23 21:44:34,431 INFO Bucket exists with name sumedhprithvijsss
2017-06-23 21:44:34,431 INFO Bucket exists with name sumedhprithvijsss
2017-06-23 21:44:34,431 INFO Bucket exists with name sumedhprithvijsss
2017-06-23 21:44:34,431 INFO Bucket exists with name sumedhprithvijsss
2017-06-23 21:44:34,431 INFO Bucket exists with name sumedhprithvijsss
2017-06-23 21:44:34,431 INFO Bucket exists with name sumedhprithvijsss
2017-06-23 21:44:34,431 INFO Bucket exists with name sumedhprithvijsss
2017-06-23 21:44:34,431 INFO Bucket exists with name sumedhprithvijsss
2017-06-23 21:44:34,431 INFO Bucket exists with name sumedhprithvijsss
2017-06-23 21:44:34,431 INFO Bucket exists with name sumedhprithvijsss
2017-06-23 21:44:34,431 INFO Bucket exists with name sumedhprithvijsss
2017-06-23 21:44:34,470 INFO Todays File is created or already present
2017-06-23 21:44:34,470 INFO Todays File is created or already present
2017-06-23 21:44:34,470 INFO Todays File is created or already present
2017-06-23 21:44:34,470 INFO Todays File is created or already present
2017-06-23 21:44:34,470 INFO Todays File is created or already present
2017-06-23 21:44:34,470 INFO Todays File is created or already present
2017-06-23 21:44:34,470 INFO Todays File is created or already present
2017-06-23 21:44:34,470 INFO Todays File is created or already present
2017-06-23 21:44:34,470 INFO Todays File is created or already present
2017-06-23 21:44:34,470 INFO Todays File is created or already present
2017-06-23 21:44:34,470 INFO Todays File is created or already present
2017-06-23 21:44:34,470 INFO Todays File is created or already present
2017-06-23 21:44:34,470 INFO Todays File is created or already present
2017-06-23 21:44:34,470 INFO Todays File is created or already present
2017-06-23 21:44:34,470 INFO Todays File is created or already present
2017-06-23 21:44:34,470 INFO Todays File is created or already present
2017-06-23 21:44:34,470 INFO Todays File is created or already present
2017-06-23 21:44:34,470 INFO Todays File is created or already present
2017-06-23 22:00:29,697 INFO Established connection to S3
2017-06-23 22:00:29,697 INFO Established connection to S3
2017-06-23 22:00:29,697 INFO Established connection to S3
2017-06-23 22:00:29,697 INFO Established connection to S3
2017-06-23 22:00:29,697 INFO Established connection to S3
2017-06-23 22:00:29,697 INFO Established connection to S3
2017-06-23 22:00:29,697 INFO Established connection to S3
2017-06-23 22:00:29,697 INFO Established connection to S3
2017-06-23 22:00:29,697 INFO Established connection to S3
2017-06-23 22:00:29,697 INFO Established connection to S3
2017-06-23 22:00:29,697 INFO Established connection to S3
2017-06-23 22:00:29,697 INFO Established connection to S3
2017-06-23 22:00:29,697 INFO Established connection to S3
2017-06-23 22:00:29,697 INFO Established connection to S3
2017-06-23 22:00:29,697 INFO Established connection to S3
2017-06-23 22:00:29,697 INFO Established connection to S3
2017-06-23 22:00:29,697 INFO Established connection to S3
2017-06-23 22:00:29,697 INFO Established connection to S3
2017-06-23 22:00:29,697 INFO Established connection to S3
2017-06-23 22:00:29,786 INFO creating new bucket with name sumedhprithvijsss
2017-06-23 22:00:29,786 INFO creating new bucket with name sumedhprithvijsss
2017-06-23 22:00:29,786 INFO creating new bucket with name sumedhprithvijsss
2017-06-23 22:00:29,786 INFO creating new bucket with name sumedhprithvijsss
2017-06-23 22:00:29,786 INFO creating new bucket with name sumedhprithvijsss
2017-06-23 22:00:29,786 INFO creating new bucket with name sumedhprithvijsss
2017-06-23 22:00:29,786 INFO creating new bucket with name sumedhprithvijsss
2017-06-23 22:00:29,786 INFO creating new bucket with name sumedhprithvijsss
2017-06-23 22:00:29,786 INFO creating new bucket with name sumedhprithvijsss
2017-06-23 22:00:29,786 INFO creating new bucket with name sumedhprithvijsss
2017-06-23 22:00:29,786 INFO creating new bucket with name sumedhprithvijsss
2017-06-23 22:00:29,786 INFO creating new bucket with name sumedhprithvijsss
2017-06-23 22:00:29,786 INFO creating new bucket with name sumedhprithvijsss
2017-06-23 22:00:29,786 INFO creating new bucket with name sumedhprithvijsss
2017-06-23 22:00:29,786 INFO creating new bucket with name sumedhprithvijsss
2017-06-23 22:00:29,786 INFO creating new bucket with name sumedhprithvijsss
2017-06-23 22:00:29,786 INFO creating new bucket with name sumedhprithvijsss
2017-06-23 22:00:29,786 INFO creating new bucket with name sumedhprithvijsss
2017-06-23 22:00:29,786 INFO creating new bucket with name sumedhprithvijsss
2017-06-23 22:01:32,719 INFO Read new file from https://www.ncei.noaa.gov/orders/cdo/998870.csv and copied to local
2017-06-23 22:01:32,719 INFO Read new file from https://www.ncei.noaa.gov/orders/cdo/998870.csv and copied to local
2017-06-23 22:01:32,719 INFO Read new file from https://www.ncei.noaa.gov/orders/cdo/998870.csv and copied to local
2017-06-23 22:01:32,719 INFO Read new file from https://www.ncei.noaa.gov/orders/cdo/998870.csv and copied to local
2017-06-23 22:01:32,719 INFO Read new file from https://www.ncei.noaa.gov/orders/cdo/998870.csv and copied to local
2017-06-23 22:01:32,719 INFO Read new file from https://www.ncei.noaa.gov/orders/cdo/998870.csv and copied to local
2017-06-23 22:01:32,719 INFO Read new file from https://www.ncei.noaa.gov/orders/cdo/998870.csv and copied to local
2017-06-23 22:01:32,719 INFO Read new file from https://www.ncei.noaa.gov/orders/cdo/998870.csv and copied to local
2017-06-23 22:01:32,719 INFO Read new file from https://www.ncei.noaa.gov/orders/cdo/998870.csv and copied to local
2017-06-23 22:01:32,719 INFO Read new file from https://www.ncei.noaa.gov/orders/cdo/998870.csv and copied to local
2017-06-23 22:01:32,719 INFO Read new file from https://www.ncei.noaa.gov/orders/cdo/998870.csv and copied to local
2017-06-23 22:01:32,719 INFO Read new file from https://www.ncei.noaa.gov/orders/cdo/998870.csv and copied to local
2017-06-23 22:01:32,719 INFO Read new file from https://www.ncei.noaa.gov/orders/cdo/998870.csv and copied to local
2017-06-23 22:01:32,719 INFO Read new file from https://www.ncei.noaa.gov/orders/cdo/998870.csv and copied to local
2017-06-23 22:01:32,719 INFO Read new file from https://www.ncei.noaa.gov/orders/cdo/998870.csv and copied to local
2017-06-23 22:01:32,719 INFO Read new file from https://www.ncei.noaa.gov/orders/cdo/998870.csv and copied to local
2017-06-23 22:01:32,719 INFO Read new file from https://www.ncei.noaa.gov/orders/cdo/998870.csv and copied to local
2017-06-23 22:01:32,719 INFO Read new file from https://www.ncei.noaa.gov/orders/cdo/998870.csv and copied to local
2017-06-23 22:01:32,719 INFO Read new file from https://www.ncei.noaa.gov/orders/cdo/998870.csv and copied to local
2017-06-23 22:02:29,283 INFO Todays File is created or already present
2017-06-23 22:02:29,283 INFO Todays File is created or already present
2017-06-23 22:02:29,283 INFO Todays File is created or already present
2017-06-23 22:02:29,283 INFO Todays File is created or already present
2017-06-23 22:02:29,283 INFO Todays File is created or already present
2017-06-23 22:02:29,283 INFO Todays File is created or already present
2017-06-23 22:02:29,283 INFO Todays File is created or already present
2017-06-23 22:02:29,283 INFO Todays File is created or already present
2017-06-23 22:02:29,283 INFO Todays File is created or already present
2017-06-23 22:02:29,283 INFO Todays File is created or already present
2017-06-23 22:02:29,283 INFO Todays File is created or already present
2017-06-23 22:02:29,283 INFO Todays File is created or already present
2017-06-23 22:02:29,283 INFO Todays File is created or already present
2017-06-23 22:02:29,283 INFO Todays File is created or already present
2017-06-23 22:02:29,283 INFO Todays File is created or already present
2017-06-23 22:02:29,283 INFO Todays File is created or already present
2017-06-23 22:02:29,283 INFO Todays File is created or already present
2017-06-23 22:02:29,283 INFO Todays File is created or already present
2017-06-23 22:02:29,283 INFO Todays File is created or already present
